<?xml version="1.0" encoding="utf-8"?><testsuites name="pytest tests"><testsuite name="pytest" errors="0" failures="0" skipped="0" tests="49" time="0.122" timestamp="2026-09-02T12:11:38.709211+00:00" hostname="runnervmgx7h7"><testcase classname="services.api-closure-runtime.tests.test_artifacts" name="test_exact_entering_baseline_records_all_required_identities" time="0.000" /><testcase classname="services.api-closure-runtime.tests.test_artifacts" name="test_api05_reconciliation_is_exact_and_blocks_final_seal" time="0.000" /><testcase classname="services.api-closure-runtime.tests.test_artifacts" name="test_authorization_matrix_covers_every_mutation" time="0.000" /><testcase classname="services.api-closure-runtime.tests.test_artifacts" name="test_cross_service_contracts_have_no_implicit_internal_trust" time="0.000" /><testcase classname="services.api-closure-runtime.tests.test_artifacts" name="test_error_model_forbids_sensitive_diagnostics" time="0.000" /><testcase classname="services.api-closure-runtime.tests.test_artifacts" name="test_data_exposure_matrix_covers_all_routes" time="0.001" /><testcase classname="services.api-closure-runtime.tests.test_artifacts" name="test_voting_boundary_contract_has_no_persistent_member_identifier" time="0.001" /><testcase classname="services.api-closure-runtime.tests.test_artifacts" name="test_preview_readiness_does_not_open_trial_or_fake_capabilities" time="0.000" /><testcase classname="services.api-closure-runtime.tests.test_artifacts" name="test_api_gap_register_hides_no_current_closure_blocker" time="0.000" /><testcase classname="services.api-closure-runtime.tests.test_artifacts" name="test_fir_disposition_invents_no_new_fir" time="0.000" /><testcase classname="services.api-closure-runtime.tests.test_artifacts" name="test_contract_baseline_hashes_are_current" time="0.001" /><testcase classname="services.api-closure-runtime.tests.test_artifacts" name="test_closure_snapshot_satisfies_all_independent_invariants" time="0.000" /><testcase classname="services.api-closure-runtime.tests.test_guards" name="test_valid_bounded_authority_is_accepted" time="0.000" /><testcase classname="services.api-closure-runtime.tests.test_guards" name="test_anonymous_mutation_is_refused" time="0.000" /><testcase classname="services.api-closure-runtime.tests.test_guards" name="test_wrong_audience_is_refused" time="0.000" /><testcase classname="services.api-closure-runtime.tests.test_guards" name="test_missing_authority_is_refused" time="0.000" /><testcase classname="services.api-closure-runtime.tests.test_guards" name="test_wrong_organization_is_refused" time="0.000" /><testcase classname="services.api-closure-runtime.tests.test_guards" name="test_wrong_region_is_refused" time="0.000" /><testcase classname="services.api-closure-runtime.tests.test_guards" name="test_revocation_and_session_invalidation_fail_closed[changes0]" time="0.000" /><testcase classname="services.api-closure-runtime.tests.test_guards" name="test_revocation_and_session_invalidation_fail_closed[changes1]" time="0.000" /><testcase classname="services.api-closure-runtime.tests.test_guards" name="test_expired_authority_is_refused" time="0.000" /><testcase classname="services.api-closure-runtime.tests.test_guards" name="test_future_authority_is_refused" time="0.000" /><testcase classname="services.api-closure-runtime.tests.test_guards" name="test_clock_rollback_cannot_resurrect_expired_authority" time="0.000" /><testcase classname="services.api-closure-runtime.tests.test_guards" name="test_commit_time_reauthorization_refuses_generation_change" time="0.000" /><testcase classname="services.api-closure-runtime.tests.test_guards" name="test_commit_time_reauthorization_refuses_mid_request_revocation" time="0.000" /><testcase classname="services.api-closure-runtime.tests.test_guards" name="test_server_owned_field_is_never_mass_assigned" time="0.000" /><testcase classname="services.api-closure-runtime.tests.test_guards" name="test_unknown_field_is_refused" time="0.000" /><testcase classname="services.api-closure-runtime.tests.test_guards" name="test_untrusted_proxy_identity_headers_are_refused[X-User]" time="0.000" /><testcase classname="services.api-closure-runtime.tests.test_guards" name="test_untrusted_proxy_identity_headers_are_refused[X-Role]" time="0.000" /><testcase classname="services.api-closure-runtime.tests.test_guards" name="test_untrusted_proxy_identity_headers_are_refused[X-Member-ID]" time="0.000" /><testcase classname="services.api-closure-runtime.tests.test_guards" name="test_untrusted_proxy_identity_headers_are_refused[X-Region]" time="0.000" /><testcase classname="services.api-closure-runtime.tests.test_guards" name="test_untrusted_proxy_identity_headers_are_refused[X-Forwarded-For]" time="0.000" /><testcase classname="services.api-closure-runtime.tests.test_guards" name="test_oversized_body_is_refused" time="0.000" /><testcase classname="services.api-closure-runtime.tests.test_guards" name="test_deep_json_is_refused" time="0.000" /><testcase classname="services.api-closure-runtime.tests.test_guards" name="test_content_type_confusion_is_refused" time="0.000" /><testcase classname="services.api-closure-runtime.tests.test_guards" name="test_idempotent_retry_returns_one_effect" time="0.000" /><testcase classname="services.api-closure-runtime.tests.test_guards" name="test_idempotency_key_is_payload_bound" time="0.000" /><testcase classname="services.api-closure-runtime.tests.test_guards" name="test_concurrent_duplicate_mutation_has_one_effect" time="0.003" /><testcase classname="services.api-closure-runtime.tests.test_guards" name="test_unexpected_error_is_redacted_and_retryable" time="0.000" /><testcase classname="services.api-closure-runtime.tests.test_guards" name="test_governed_error_is_public_but_contains_no_exception_detail" time="0.000" /><testcase classname="services.api-closure-runtime.tests.test_inventory" name="test_declared_surface_equals_runtime_derived_surface" time="0.002" /><testcase classname="services.api-closure-runtime.tests.test_inventory" name="test_committed_api06_surface_is_deterministic" time="0.002" /><testcase classname="services.api-closure-runtime.tests.test_inventory" name="test_every_route_has_all_closure_fields" time="0.002" /><testcase classname="services.api-closure-runtime.tests.test_inventory" name="test_no_documented_but_dead_or_runtime_only_route_exists" time="0.002" /><testcase classname="services.api-closure-runtime.tests.test_inventory" name="test_all_mutations_have_transaction_and_idempotency_classification" time="0.001" /><testcase classname="services.api-closure-runtime.tests.test_inventory" name="test_voting_routes_remain_explicitly_classified" time="0.001" /><testcase classname="services.api-closure-runtime.tests.test_inventory" name="test_surface_never_carries_client_supplied_actor_identity" time="0.000" /><testcase classname="services.api-closure-runtime.tests.test_inventory" name="test_surface_state_is_not_self_accepted" time="0.001" /><testcase classname="services.api-closure-runtime.tests.test_mutations" name="test_all_thirty_governed_mutations_are_detected" time="0.001" /></testsuite></testsuites>